{
  "RSpec": {
    "coverage": {
      "/Users/pmedaugh/Documents/Turing/polcat/spec/controllers/states_controller_spec.rb": [
        1,
        null,
        1,
        null,
        null
      ],
      "/Users/pmedaugh/Documents/Turing/polcat/spec/rails_helper.rb": [
        null,
        1,
        1,
        1,
        1,
        null,
        2,
        1,
        1,
        null,
        null,
        1,
        null,
        null,
        null,
        null,
        null,
        null,
        null,
        null,
        null,
        null,
        null,
        null,
        null,
        null,
        null,
        null,
        null,
        null,
        null,
        1,
        null,
        1,
        null,
        1,
        null,
        null,
        null,
        null,
        1,
        null,
        null,
        null,
        null,
        null,
        null,
        null,
        null,
        null,
        null,
        null,
        null,
        null,
        null,
        1,
        null
      ],
      "/Users/pmedaugh/Documents/Turing/polcat/config/environment.rb": [
        null,
        1,
        1,
        1,
        null,
        1
      ],
      "/Users/pmedaugh/Documents/Turing/polcat/config/application.rb": [
        1,
        1,
        null,
        null,
        1,
        null,
        1,
        1,
        null,
        null,
        null,
        null,
        null,
        null,
        null,
        null,
        null,
        null,
        null,
        null,
        null,
        1,
        null,
        null
      ],
      "/Users/pmedaugh/Documents/Turing/polcat/config/boot.rb": [
        1,
        null,
        1
      ],
      "/Users/pmedaugh/Documents/Turing/polcat/config/environments/test.rb": [
        1,
        null,
        null,
        null,
        null,
        null,
        null,
        1,
        null,
        null,
        null,
        null,
        1,
        null,
        null,
        1,
        1,
        null,
        null,
        1,
        1,
        null,
        null,
        1,
        null,
        null,
        1,
        null,
        null,
        null,
        null,
        1,
        null,
        null,
        1,
        null,
        null,
        1,
        null,
        null,
        null,
        null
      ],
      "/Users/pmedaugh/Documents/Turing/polcat/config/initializers/assets.rb": [
        null,
        null,
        null,
        1,
        null,
        null,
        null,
        null,
        null,
        null,
        null
      ],
      "/Users/pmedaugh/Documents/Turing/polcat/config/initializers/backtrace_silencers.rb": [
        null,
        null,
        null,
        null,
        null,
        null,
        null
      ],
      "/Users/pmedaugh/Documents/Turing/polcat/config/initializers/cookies_serializer.rb": [
        null,
        null,
        1
      ],
      "/Users/pmedaugh/Documents/Turing/polcat/config/initializers/filter_parameter_logging.rb": [
        null,
        null,
        null,
        1
      ],
      "/Users/pmedaugh/Documents/Turing/polcat/config/initializers/inflections.rb": [
        null,
        null,
        null,
        null,
        null,
        null,
        null,
        null,
        null,
        null,
        null,
        null,
        null,
        null,
        null,
        null
      ],
      "/Users/pmedaugh/Documents/Turing/polcat/config/initializers/mime_types.rb": [
        null,
        null,
        null,
        null
      ],
      "/Users/pmedaugh/Documents/Turing/polcat/config/initializers/omniauth.rb": [
        1,
        1,
        null
      ],
      "/Users/pmedaugh/Documents/Turing/polcat/config/initializers/session_store.rb": [
        null,
        null,
        1
      ],
      "/Users/pmedaugh/Documents/Turing/polcat/config/initializers/wrap_parameters.rb": [
        null,
        null,
        null,
        null,
        null,
        null,
        1,
        1,
        null,
        null,
        null,
        null,
        null,
        null
      ],
      "/Users/pmedaugh/Documents/Turing/polcat/config/routes.rb": [
        1,
        1,
        null,
        null,
        1,
        1,
        1,
        1,
        1,
        1,
        null,
        null
      ],
      "/Users/pmedaugh/Documents/Turing/polcat/app/helpers/application_helper.rb": [
        1,
        null
      ],
      "/Users/pmedaugh/Documents/Turing/polcat/app/helpers/sessions_helper.rb": [
        1,
        null
      ],
      "/Users/pmedaugh/Documents/Turing/polcat/app/helpers/states_helper.rb": [
        1,
        null
      ],
      "/Users/pmedaugh/Documents/Turing/polcat/app/helpers/static_pages_helper.rb": [
        1,
        null
      ],
      "/Users/pmedaugh/Documents/Turing/polcat/app/helpers/users_helper.rb": [
        1,
        null
      ],
      "/Users/pmedaugh/Documents/Turing/polcat/spec/support/feature_spec_helper.rb": [
        1,
        null,
        1,
        1,
        null,
        null,
        null,
        null,
        null,
        null,
        null,
        null,
        null,
        null,
        null,
        null,
        null
      ],
      "/Users/pmedaugh/Documents/Turing/polcat/app/controllers/states_controller.rb": [
        1,
        null,
        1,
        0,
        0,
        0,
        null,
        null,
        null,
        1,
        0,
        0,
        0,
        0,
        null,
        0,
        null,
        null,
        null
      ],
      "/Users/pmedaugh/Documents/Turing/polcat/app/controllers/application_controller.rb": [
        1,
        null,
        null,
        1,
        1,
        null,
        1,
        5,
        null,
        null
      ],
      "/Users/pmedaugh/Documents/Turing/polcat/spec/features/user_can_click_on_a_state_spec.rb": [
        1,
        null,
        1,
        1,
        1,
        0,
        null,
        1,
        0,
        0,
        0,
        0,
        0,
        null,
        null,
        null
      ],
      "/Users/pmedaugh/Documents/Turing/polcat/spec/models/user_spec.rb": [
        1,
        null,
        1,
        null,
        null
      ],
      "/Users/pmedaugh/Documents/Turing/polcat/app/models/user.rb": [
        1,
        null,
        1,
        1,
        null,
        null,
        1,
        1,
        1,
        1,
        1,
        1,
        null,
        null
      ],
      "/Users/pmedaugh/Documents/Turing/polcat/spec/services/govtrack_service_spec.rb": [
        1,
        null,
        1,
        1,
        1,
        1,
        1,
        1,
        null,
        null,
        null,
        null,
        null
      ],
      "/Users/pmedaugh/Documents/Turing/polcat/app/services/govtrack_service.rb": [
        null,
        1,
        1,
        null,
        1,
        1,
        1,
        1,
        1,
        21,
        21,
        null,
        1,
        1,
        null,
        null,
        1,
        null,
        1,
        1,
        1,
        null,
        null,
        1,
        1,
        1,
        null,
        null,
        1,
        21,
        21,
        21,
        21,
        21,
        21,
        21,
        21,
        21,
        null,
        null,
        null,
        1,
        null
      ],
      "/Users/pmedaugh/Documents/Turing/polcat/spec/services/oauth_spec.rb": [
        1,
        null,
        1,
        1,
        1,
        1,
        1,
        1,
        null,
        null
      ],
      "/Users/pmedaugh/Documents/Turing/polcat/spec/services/sunlight_service_spec.rb": [
        1,
        null,
        1,
        1,
        1,
        null,
        1,
        1,
        1,
        1,
        null,
        null,
        null,
        1,
        1,
        1,
        1,
        null,
        null,
        null,
        1,
        1,
        1,
        1,
        null,
        null,
        null,
        1,
        1,
        1,
        1,
        null,
        null,
        null,
        null,
        null
      ],
      "/Users/pmedaugh/Documents/Turing/polcat/app/services/sunlight_service.rb": [
        1,
        null,
        1,
        1,
        1,
        1,
        null,
        null,
        1,
        1,
        1,
        null,
        null,
        1,
        0,
        0,
        null,
        null,
        1,
        1,
        1,
        null,
        null,
        1,
        1,
        1,
        null,
        null,
        1,
        1,
        1,
        null,
        null,
        null
      ],
      "/Users/pmedaugh/Documents/Turing/polcat/app/controllers/static_pages_controller.rb": [
        1,
        null
      ],
      "/Users/pmedaugh/Documents/Turing/polcat/app/controllers/sessions_controller.rb": [
        1,
        1,
        1,
        1,
        1,
        1,
        null,
        null,
        null,
        null,
        null,
        1,
        0,
        null,
        0,
        null,
        null,
        1,
        null,
        1,
        1,
        null,
        null,
        null
      ],
      "/Users/pmedaugh/Documents/Turing/polcat/app/controllers/users_controller.rb": [
        1,
        1,
        null,
        null
      ]
    },
    "timestamp": 1435246468
  }
}
